config finished
maxRtt=17280 maxBdp=54000 minRtt=8640
total headroom: 332190 ingressPool 2067810 egressLosslessPool 2400000 egressLossyPool 1654248 sharedPool 2067810
total headroom: 332190 ingressPool 2067810 egressLosslessPool 2400000 egressLossyPool 1654248 sharedPool 2067810
total headroom: 332190 ingressPool 2067810 egressLosslessPool 2400000 egressLossyPool 1654248 sharedPool 2067810
total headroom: 332190 ingressPool 2067810 egressLosslessPool 2400000 egressLossyPool 1654248 sharedPool 2067810
total headroom: 332190 ingressPool 2067810 egressLosslessPool 2400000 egressLossyPool 1654248 sharedPool 2067810
total headroom: 332190 ingressPool 2067810 egressLosslessPool 2400000 egressLossyPool 1654248 sharedPool 2067810
total headroom: 332190 ingressPool 2067810 egressLosslessPool 2400000 egressLossyPool 1654248 sharedPool 2067810
total headroom: 332190 ingressPool 2067810 egressLosslessPool 2400000 egressLossyPool 1654248 sharedPool 2067810
total headroom: 295280 ingressPool 2104720 egressLosslessPool 2400000 egressLossyPool 1683776 sharedPool 2104720
SERVER_COUNT 8 LEAF_COUNT 8 SPINE_COUNT 1 LINK_COUNT 1 RDMALOAD 0.2 TCPLOAD 0.2 oversubRatio 8
Finished installation of applications from leaf-0
Finished installation of applications from leaf-1
Finished installation of applications from leaf-2
Finished installation of applications from leaf-3
Finished installation of applications from leaf-4
Finished installation of applications from leaf-5
Finished installation of applications from leaf-6
Finished installation of applications from leaf-7
apps finished
