config finished
maxRtt=17280 maxBdp=54000 minRtt=8640
total headroom: 332190 ingressPool 1417810 egressLosslessPool 1750000 egressLossyPool 1134248 sharedPool 1417810
total headroom: 332190 ingressPool 1417810 egressLosslessPool 1750000 egressLossyPool 1134248 sharedPool 1417810
total headroom: 332190 ingressPool 1417810 egressLosslessPool 1750000 egressLossyPool 1134248 sharedPool 1417810
total headroom: 332190 ingressPool 1417810 egressLosslessPool 1750000 egressLossyPool 1134248 sharedPool 1417810
total headroom: 332190 ingressPool 1417810 egressLosslessPool 1750000 egressLossyPool 1134248 sharedPool 1417810
total headroom: 332190 ingressPool 1417810 egressLosslessPool 1750000 egressLossyPool 1134248 sharedPool 1417810
total headroom: 332190 ingressPool 1417810 egressLosslessPool 1750000 egressLossyPool 1134248 sharedPool 1417810
total headroom: 332190 ingressPool 1417810 egressLosslessPool 1750000 egressLossyPool 1134248 sharedPool 1417810
total headroom: 295280 ingressPool 1454720 egressLosslessPool 1750000 egressLossyPool 1163776 sharedPool 1454720
SERVER_COUNT 8 LEAF_COUNT 8 SPINE_COUNT 1 LINK_COUNT 1 RDMALOAD 0.2 TCPLOAD 0.2 oversubRatio 8
Finished installation of applications from leaf-0
Finished installation of applications from leaf-1
Finished installation of applications from leaf-2
Finished installation of applications from leaf-3
Finished installation of applications from leaf-4
Finished installation of applications from leaf-5
Finished installation of applications from leaf-6
Finished installation of applications from leaf-7
apps finished
