config finished
maxRtt=17280 maxBdp=54000 minRtt=8640
total headroom: 369100 ingressPool 1380900 egressLosslessPool 1750000 egressLossyPool 1104720 sharedPool 1380900
total headroom: 369100 ingressPool 1380900 egressLosslessPool 1750000 egressLossyPool 1104720 sharedPool 1380900
total headroom: 369100 ingressPool 1380900 egressLosslessPool 1750000 egressLossyPool 1104720 sharedPool 1380900
total headroom: 369100 ingressPool 1380900 egressLosslessPool 1750000 egressLossyPool 1104720 sharedPool 1380900
total headroom: 369100 ingressPool 1380900 egressLosslessPool 1750000 egressLossyPool 1104720 sharedPool 1380900
total headroom: 369100 ingressPool 1380900 egressLosslessPool 1750000 egressLossyPool 1104720 sharedPool 1380900
total headroom: 369100 ingressPool 1380900 egressLosslessPool 1750000 egressLossyPool 1104720 sharedPool 1380900
total headroom: 369100 ingressPool 1380900 egressLosslessPool 1750000 egressLossyPool 1104720 sharedPool 1380900
total headroom: 295280 ingressPool 1454720 egressLosslessPool 1750000 egressLossyPool 1163776 sharedPool 1454720
total headroom: 295280 ingressPool 1454720 egressLosslessPool 1750000 egressLossyPool 1163776 sharedPool 1454720
SERVER_COUNT 8 LEAF_COUNT 8 SPINE_COUNT 2 LINK_COUNT 1 RDMALOAD 0.2 TCPLOAD 0.2 oversubRatio 4
Finished installation of applications from leaf-0
Finished installation of applications from leaf-1
Finished installation of applications from leaf-2
Finished installation of applications from leaf-3
Finished installation of applications from leaf-4
Finished installation of applications from leaf-5
Finished installation of applications from leaf-6
Finished installation of applications from leaf-7
apps finished
reverie: dropping lossless packet at ingress admission headroom 0 xoff 18455 pktSize 1048 xoffTotalUsed 4860 totalUsed 1749092 ingresspool 1380900 threshold 0 ingress_bytes 0
reverie: dropping lossless packet at ingress admission headroom 0 xoff 18455 pktSize 1048 xoffTotalUsed 4860 totalUsed 1749092 ingresspool 1380900 threshold 0 ingress_bytes 0
reverie: dropping lossless packet at ingress admission headroom 0 xoff 18455 pktSize 1048 xoffTotalUsed 4740 totalUsed 1748972 ingresspool 1380900 threshold 0 ingress_bytes 0
reverie: dropping lossless packet at ingress admission headroom 0 xoff 18455 pktSize 1048 xoffTotalUsed 4740 totalUsed 1748972 ingresspool 1380900 threshold 0 ingress_bytes 0
reverie: dropping lossless packet at ingress admission headroom 0 xoff 18455 pktSize 1048 xoffTotalUsed 4740 totalUsed 1748972 ingresspool 1380900 threshold 0 ingress_bytes 0
reverie: dropping lossless packet at ingress admission headroom 0 xoff 18455 pktSize 1048 xoffTotalUsed 4740 totalUsed 1748972 ingresspool 1380900 threshold 0 ingress_bytes 0
reverie: dropping lossless packet at ingress admission headroom 0 xoff 18455 pktSize 1048 xoffTotalUsed 4680 totalUsed 1749960 ingresspool 1380900 threshold 0 ingress_bytes 0
reverie: dropping lossless packet at ingress admission headroom 0 xoff 18455 pktSize 1048 xoffTotalUsed 4680 totalUsed 1749960 ingresspool 1380900 threshold 0 ingress_bytes 0
reverie: dropping lossless packet at ingress admission headroom 0 xoff 18455 pktSize 60 xoffTotalUsed 4680 totalUsed 1749960 ingresspool 1380900 threshold 0 ingress_bytes 0
reverie: dropping lossless packet at ingress admission headroom 0 xoff 18455 pktSize 1048 xoffTotalUsed 4680 totalUsed 1749900 ingresspool 1380900 threshold 0 ingress_bytes 0
reverie: dropping lossless packet at ingress admission headroom 0 xoff 18455 pktSize 1048 xoffTotalUsed 4680 totalUsed 1749900 ingresspool 1380900 threshold 0 ingress_bytes 0
reverie: dropping lossless packet at ingress admission headroom 0 xoff 18455 pktSize 1048 xoffTotalUsed 4680 totalUsed 1749900 ingresspool 1380900 threshold 0 ingress_bytes 0
reverie: dropping lossless packet at ingress admission headroom 0 xoff 18455 pktSize 1048 xoffTotalUsed 4680 totalUsed 1749900 ingresspool 1380900 threshold 0 ingress_bytes 0
reverie: dropping lossless packet at ingress admission headroom 0 xoff 18455 pktSize 1048 xoffTotalUsed 4620 totalUsed 1749840 ingresspool 1380900 threshold 0 ingress_bytes 0
reverie: dropping lossless packet at ingress admission headroom 0 xoff 18455 pktSize 1048 xoffTotalUsed 4620 totalUsed 1749840 ingresspool 1380900 threshold 0 ingress_bytes 0
reverie: dropping lossless packet at ingress admission headroom 0 xoff 18455 pktSize 1048 xoffTotalUsed 4620 totalUsed 1749840 ingresspool 1380900 threshold 0 ingress_bytes 0
reverie: dropping lossless packet at ingress admission headroom 0 xoff 18455 pktSize 1048 xoffTotalUsed 4620 totalUsed 1749840 ingresspool 1380900 threshold 0 ingress_bytes 0
reverie: dropping lossless packet at ingress admission headroom 0 xoff 18455 pktSize 1048 xoffTotalUsed 4500 totalUsed 1749720 ingresspool 1380900 threshold 0 ingress_bytes 0
reverie: dropping lossless packet at ingress admission headroom 0 xoff 18455 pktSize 1048 xoffTotalUsed 4500 totalUsed 1749720 ingresspool 1380900 threshold 0 ingress_bytes 0
reverie: dropping lossless packet at ingress admission headroom 0 xoff 18455 pktSize 1048 xoffTotalUsed 4500 totalUsed 1749720 ingresspool 1380900 threshold 0 ingress_bytes 0
