config finished
maxRtt=17280 maxBdp=54000 minRtt=8640
total headroom: 627470 ingressPool 1092530 egressLosslessPool 1720000 egressLossyPool 874024 sharedPool 1092530
total headroom: 627470 ingressPool 1092530 egressLosslessPool 1720000 egressLossyPool 874024 sharedPool 1092530
total headroom: 627470 ingressPool 1092530 egressLosslessPool 1720000 egressLossyPool 874024 sharedPool 1092530
total headroom: 627470 ingressPool 1092530 egressLosslessPool 1720000 egressLossyPool 874024 sharedPool 1092530
total headroom: 627470 ingressPool 1092530 egressLosslessPool 1720000 egressLossyPool 874024 sharedPool 1092530
total headroom: 627470 ingressPool 1092530 egressLosslessPool 1720000 egressLossyPool 874024 sharedPool 1092530
total headroom: 627470 ingressPool 1092530 egressLosslessPool 1720000 egressLossyPool 874024 sharedPool 1092530
total headroom: 627470 ingressPool 1092530 egressLosslessPool 1720000 egressLossyPool 874024 sharedPool 1092530
total headroom: 627470 ingressPool 1092530 egressLosslessPool 1720000 egressLossyPool 874024 sharedPool 1092530
total headroom: 627470 ingressPool 1092530 egressLosslessPool 1720000 egressLossyPool 874024 sharedPool 1092530
total headroom: 627470 ingressPool 1092530 egressLosslessPool 1720000 egressLossyPool 874024 sharedPool 1092530
total headroom: 627470 ingressPool 1092530 egressLosslessPool 1720000 egressLossyPool 874024 sharedPool 1092530
total headroom: 627470 ingressPool 1092530 egressLosslessPool 1720000 egressLossyPool 874024 sharedPool 1092530
total headroom: 627470 ingressPool 1092530 egressLosslessPool 1720000 egressLossyPool 874024 sharedPool 1092530
total headroom: 627470 ingressPool 1092530 egressLosslessPool 1720000 egressLossyPool 874024 sharedPool 1092530
total headroom: 627470 ingressPool 1092530 egressLosslessPool 1720000 egressLossyPool 874024 sharedPool 1092530
total headroom: 590560 ingressPool 1129440 egressLosslessPool 1720000 egressLossyPool 903552 sharedPool 1129440
SERVER_COUNT 16 LEAF_COUNT 16 SPINE_COUNT 1 LINK_COUNT 1 RDMALOAD 0.2 TCPLOAD 0.2 oversubRatio 16
Finished installation of applications from leaf-0
Finished installation of applications from leaf-1
Finished installation of applications from leaf-2
Finished installation of applications from leaf-3
Finished installation of applications from leaf-4
Finished installation of applications from leaf-5
Finished installation of applications from leaf-6
Finished installation of applications from leaf-7
Finished installation of applications from leaf-8
Finished installation of applications from leaf-9
Finished installation of applications from leaf-10
Finished installation of applications from leaf-11
Finished installation of applications from leaf-12
Finished installation of applications from leaf-13
Finished installation of applications from leaf-14
Finished installation of applications from leaf-15
apps finished
